2019-11-10 00:08:51.951 [main] INFO  com.junhao.yiqi.YiqiApplication - Starting YiqiApplication on DESKTOP-NLCT5HV with PID 15552 (D:\yiqi_cable_hou-master\yiqi\target\classes started by 豪哥 in D:\yiqi_cable_hou-master\yiqi)
2019-11-10 00:08:51.954 [main] INFO  com.junhao.yiqi.YiqiApplication - No active profile set, falling back to default profiles: default
2019-11-10 00:08:53.009 [main] INFO  o.s.d.r.config.RepositoryConfigurationDelegate - Bootstrapping Spring Data repositories in DEFAULT mode.
2019-11-10 00:08:53.097 [main] INFO  o.s.d.r.config.RepositoryConfigurationDelegate - Finished Spring Data repository scanning in 78ms. Found 4 repository interfaces.
2019-11-10 00:08:53.402 [main] INFO  o.s.c.s.PostProcessorRegistrationDelegate$BeanPostProcessorChecker - Bean 'org.springframework.transaction.annotation.ProxyTransactionManagementConfiguration' of type [org.springframework.transaction.annotation.ProxyTransactionManagementConfiguration$$EnhancerBySpringCGLIB$$d769b1b7] is not eligible for getting processed by all BeanPostProcessors (for example: not eligible for auto-proxying)
2019-11-10 00:08:53.886 [main] INFO  o.s.boot.web.embedded.tomcat.TomcatWebServer - Tomcat initialized with port(s): 8081 (http)
2019-11-10 00:08:53.899 [main] INFO  org.apache.coyote.http11.Http11NioProtocol - Initializing ProtocolHandler ["http-nio-8081"]
2019-11-10 00:08:53.907 [main] INFO  org.apache.catalina.core.StandardService - Starting service [Tomcat]
2019-11-10 00:08:53.907 [main] INFO  org.apache.catalina.core.StandardEngine - Starting Servlet engine: [Apache Tomcat/9.0.17]
2019-11-10 00:08:54.015 [main] INFO  o.a.c.core.ContainerBase.[Tomcat].[localhost].[/] - Initializing Spring embedded WebApplicationContext
2019-11-10 00:08:54.016 [main] INFO  org.springframework.web.context.ContextLoader - Root WebApplicationContext: initialization completed in 2019 ms
2019-11-10 00:08:54.729 [main] INFO  com.alibaba.druid.pool.DruidDataSource - {dataSource-1} inited
2019-11-10 00:08:55.048 [main] INFO  org.hibernate.jpa.internal.util.LogHelper - HHH000204: Processing PersistenceUnitInfo [
	name: default
	...]
2019-11-10 00:08:55.239 [main] INFO  org.hibernate.Version - HHH000412: Hibernate Core {5.3.9.Final}
2019-11-10 00:08:55.240 [main] INFO  org.hibernate.cfg.Environment - HHH000206: hibernate.properties not found
2019-11-10 00:08:55.499 [main] INFO  org.hibernate.annotations.common.Version - HCANN000001: Hibernate Commons Annotations {5.0.4.Final}
2019-11-10 00:08:55.680 [main] INFO  org.hibernate.dialect.Dialect - HHH000400: Using dialect: org.hibernate.dialect.MySQL5Dialect
2019-11-10 00:08:56.987 [main] INFO  o.s.orm.jpa.LocalContainerEntityManagerFactoryBean - Initialized JPA EntityManagerFactory for persistence unit 'default'
2019-11-10 00:08:57.459 [main] INFO  o.s.scheduling.concurrent.ThreadPoolTaskExecutor - Initializing ExecutorService 'applicationTaskExecutor'
2019-11-10 00:08:57.500 [main] WARN  o.s.b.a.o.j.JpaBaseConfiguration$JpaWebConfiguration$JpaWebMvcConfiguration - spring.jpa.open-in-view is enabled by default. Therefore, database queries may be performed during view rendering. Explicitly configure spring.jpa.open-in-view to disable this warning
2019-11-10 00:08:57.579 [main] WARN  org.thymeleaf.templatemode.TemplateMode - [THYMELEAF][main] Template Mode 'HTML5' is deprecated. Using Template Mode 'HTML' instead.
2019-11-10 00:08:57.647 [main] INFO  o.s.b.a.web.servlet.WelcomePageHandlerMapping - Adding welcome page template: index
2019-11-10 00:08:57.767 [main] INFO  org.apache.coyote.http11.Http11NioProtocol - Starting ProtocolHandler ["http-nio-8081"]
2019-11-10 00:08:57.787 [main] INFO  o.s.boot.web.embedded.tomcat.TomcatWebServer - Tomcat started on port(s): 8081 (http) with context path ''
2019-11-10 00:08:57.789 [main] INFO  com.junhao.yiqi.YiqiApplication - Started YiqiApplication in 6.496 seconds (JVM running for 7.995)
2019-11-10 00:09:10.539 [http-nio-8081-exec-1] INFO  o.a.c.core.ContainerBase.[Tomcat].[localhost].[/] - Initializing Spring DispatcherServlet 'dispatcherServlet'
2019-11-10 00:09:10.539 [http-nio-8081-exec-1] INFO  org.springframework.web.servlet.DispatcherServlet - Initializing Servlet 'dispatcherServlet'
2019-11-10 00:09:10.550 [http-nio-8081-exec-1] INFO  org.springframework.web.servlet.DispatcherServlet - Completed initialization in 11 ms
2019-11-10 18:35:22.875 [main] INFO  com.junhao.yiqi.YiqiApplication - Starting YiqiApplication on DESKTOP-NLCT5HV with PID 25108 (D:\yiqi_cable_hou-master\yiqi\target\classes started by 豪哥 in D:\yiqi_cable_hou-master\yiqi)
2019-11-10 18:35:22.878 [main] INFO  com.junhao.yiqi.YiqiApplication - No active profile set, falling back to default profiles: default
2019-11-10 18:35:23.878 [main] INFO  o.s.d.r.config.RepositoryConfigurationDelegate - Bootstrapping Spring Data repositories in DEFAULT mode.
2019-11-10 18:35:23.986 [main] INFO  o.s.d.r.config.RepositoryConfigurationDelegate - Finished Spring Data repository scanning in 97ms. Found 4 repository interfaces.
2019-11-10 18:35:24.353 [main] INFO  o.s.c.s.PostProcessorRegistrationDelegate$BeanPostProcessorChecker - Bean 'org.springframework.transaction.annotation.ProxyTransactionManagementConfiguration' of type [org.springframework.transaction.annotation.ProxyTransactionManagementConfiguration$$EnhancerBySpringCGLIB$$9894c73] is not eligible for getting processed by all BeanPostProcessors (for example: not eligible for auto-proxying)
2019-11-10 18:35:24.897 [main] INFO  o.s.boot.web.embedded.tomcat.TomcatWebServer - Tomcat initialized with port(s): 8081 (http)
2019-11-10 18:35:24.913 [main] INFO  org.apache.coyote.http11.Http11NioProtocol - Initializing ProtocolHandler ["http-nio-8081"]
2019-11-10 18:35:24.921 [main] INFO  org.apache.catalina.core.StandardService - Starting service [Tomcat]
2019-11-10 18:35:24.921 [main] INFO  org.apache.catalina.core.StandardEngine - Starting Servlet engine: [Apache Tomcat/9.0.17]
2019-11-10 18:35:25.076 [main] INFO  o.a.c.core.ContainerBase.[Tomcat].[localhost].[/] - Initializing Spring embedded WebApplicationContext
2019-11-10 18:35:25.076 [main] INFO  org.springframework.web.context.ContextLoader - Root WebApplicationContext: initialization completed in 2150 ms
2019-11-10 18:35:25.492 [main] INFO  com.alibaba.druid.pool.DruidDataSource - {dataSource-1} inited
2019-11-10 18:35:25.677 [main] INFO  org.hibernate.jpa.internal.util.LogHelper - HHH000204: Processing PersistenceUnitInfo [
	name: default
	...]
2019-11-10 18:35:25.773 [main] INFO  org.hibernate.Version - HHH000412: Hibernate Core {5.3.9.Final}
2019-11-10 18:35:25.775 [main] INFO  org.hibernate.cfg.Environment - HHH000206: hibernate.properties not found
2019-11-10 18:35:26.088 [main] INFO  org.hibernate.annotations.common.Version - HCANN000001: Hibernate Commons Annotations {5.0.4.Final}
2019-11-10 18:35:26.303 [main] INFO  org.hibernate.dialect.Dialect - HHH000400: Using dialect: org.hibernate.dialect.MySQL5Dialect
2019-11-10 18:35:27.128 [main] INFO  o.s.orm.jpa.LocalContainerEntityManagerFactoryBean - Initialized JPA EntityManagerFactory for persistence unit 'default'
2019-11-10 18:35:27.677 [main] INFO  o.s.scheduling.concurrent.ThreadPoolTaskExecutor - Initializing ExecutorService 'applicationTaskExecutor'
2019-11-10 18:35:27.724 [main] WARN  o.s.b.a.o.j.JpaBaseConfiguration$JpaWebConfiguration$JpaWebMvcConfiguration - spring.jpa.open-in-view is enabled by default. Therefore, database queries may be performed during view rendering. Explicitly configure spring.jpa.open-in-view to disable this warning
2019-11-10 18:35:27.806 [main] WARN  org.thymeleaf.templatemode.TemplateMode - [THYMELEAF][main] Template Mode 'HTML5' is deprecated. Using Template Mode 'HTML' instead.
2019-11-10 18:35:27.868 [main] INFO  o.s.b.a.web.servlet.WelcomePageHandlerMapping - Adding welcome page template: index
2019-11-10 18:35:28.030 [main] INFO  org.apache.coyote.http11.Http11NioProtocol - Starting ProtocolHandler ["http-nio-8081"]
2019-11-10 18:35:28.060 [main] INFO  o.s.boot.web.embedded.tomcat.TomcatWebServer - Tomcat started on port(s): 8081 (http) with context path ''
2019-11-10 18:35:28.063 [main] INFO  com.junhao.yiqi.YiqiApplication - Started YiqiApplication in 5.746 seconds (JVM running for 8.056)
2019-11-10 18:35:38.076 [http-nio-8081-exec-1] INFO  o.a.c.core.ContainerBase.[Tomcat].[localhost].[/] - Initializing Spring DispatcherServlet 'dispatcherServlet'
2019-11-10 18:35:38.076 [http-nio-8081-exec-1] INFO  org.springframework.web.servlet.DispatcherServlet - Initializing Servlet 'dispatcherServlet'
2019-11-10 18:35:38.085 [http-nio-8081-exec-1] INFO  org.springframework.web.servlet.DispatcherServlet - Completed initialization in 8 ms
2019-11-10 20:37:43.220 [main] INFO  com.junhao.yiqi.YiqiApplication - Starting YiqiApplication on DESKTOP-NLCT5HV with PID 29088 (D:\yiqi_cable_hou-master\yiqi\target\classes started by 豪哥 in D:\yiqi_cable_hou-master\yiqi)
2019-11-10 20:37:43.223 [main] INFO  com.junhao.yiqi.YiqiApplication - No active profile set, falling back to default profiles: default
2019-11-10 20:37:43.963 [main] INFO  o.s.d.r.config.RepositoryConfigurationDelegate - Bootstrapping Spring Data repositories in DEFAULT mode.
2019-11-10 20:37:44.037 [main] INFO  o.s.d.r.config.RepositoryConfigurationDelegate - Finished Spring Data repository scanning in 65ms. Found 4 repository interfaces.
2019-11-10 20:37:44.310 [main] INFO  o.s.c.s.PostProcessorRegistrationDelegate$BeanPostProcessorChecker - Bean 'org.springframework.transaction.annotation.ProxyTransactionManagementConfiguration' of type [org.springframework.transaction.annotation.ProxyTransactionManagementConfiguration$$EnhancerBySpringCGLIB$$d5d74cbd] is not eligible for getting processed by all BeanPostProcessors (for example: not eligible for auto-proxying)
2019-11-10 20:37:44.687 [main] INFO  o.s.boot.web.embedded.tomcat.TomcatWebServer - Tomcat initialized with port(s): 8081 (http)
2019-11-10 20:37:44.700 [main] INFO  org.apache.coyote.http11.Http11NioProtocol - Initializing ProtocolHandler ["http-nio-8081"]
2019-11-10 20:37:44.708 [main] INFO  org.apache.catalina.core.StandardService - Starting service [Tomcat]
2019-11-10 20:37:44.709 [main] INFO  org.apache.catalina.core.StandardEngine - Starting Servlet engine: [Apache Tomcat/9.0.17]
2019-11-10 20:37:44.824 [main] INFO  o.a.c.core.ContainerBase.[Tomcat].[localhost].[/] - Initializing Spring embedded WebApplicationContext
2019-11-10 20:37:44.824 [main] INFO  org.springframework.web.context.ContextLoader - Root WebApplicationContext: initialization completed in 1560 ms
2019-11-10 20:37:45.018 [main] INFO  com.alibaba.druid.pool.DruidDataSource - {dataSource-1} inited
2019-11-10 20:37:45.278 [main] INFO  org.hibernate.jpa.internal.util.LogHelper - HHH000204: Processing PersistenceUnitInfo [
	name: default
	...]
2019-11-10 20:37:45.330 [main] INFO  org.hibernate.Version - HHH000412: Hibernate Core {5.3.9.Final}
2019-11-10 20:37:45.331 [main] INFO  org.hibernate.cfg.Environment - HHH000206: hibernate.properties not found
2019-11-10 20:37:45.432 [main] INFO  org.hibernate.annotations.common.Version - HCANN000001: Hibernate Commons Annotations {5.0.4.Final}
2019-11-10 20:37:45.555 [main] INFO  org.hibernate.dialect.Dialect - HHH000400: Using dialect: org.hibernate.dialect.MySQL5Dialect
2019-11-10 20:37:46.027 [main] INFO  o.s.orm.jpa.LocalContainerEntityManagerFactoryBean - Initialized JPA EntityManagerFactory for persistence unit 'default'
2019-11-10 20:37:46.472 [main] INFO  o.s.scheduling.concurrent.ThreadPoolTaskExecutor - Initializing ExecutorService 'applicationTaskExecutor'
2019-11-10 20:37:46.506 [main] WARN  o.s.b.a.o.j.JpaBaseConfiguration$JpaWebConfiguration$JpaWebMvcConfiguration - spring.jpa.open-in-view is enabled by default. Therefore, database queries may be performed during view rendering. Explicitly configure spring.jpa.open-in-view to disable this warning
2019-11-10 20:37:46.565 [main] WARN  org.thymeleaf.templatemode.TemplateMode - [THYMELEAF][main] Template Mode 'HTML5' is deprecated. Using Template Mode 'HTML' instead.
2019-11-10 20:37:46.589 [main] INFO  o.s.b.a.web.servlet.WelcomePageHandlerMapping - Adding welcome page template: index
2019-11-10 20:37:46.696 [main] INFO  org.apache.coyote.http11.Http11NioProtocol - Starting ProtocolHandler ["http-nio-8081"]
2019-11-10 20:37:46.719 [main] INFO  o.s.boot.web.embedded.tomcat.TomcatWebServer - Tomcat started on port(s): 8081 (http) with context path ''
2019-11-10 20:37:46.721 [main] INFO  com.junhao.yiqi.YiqiApplication - Started YiqiApplication in 3.956 seconds (JVM running for 4.702)
2019-11-10 20:37:50.847 [http-nio-8081-exec-1] INFO  o.a.c.core.ContainerBase.[Tomcat].[localhost].[/] - Initializing Spring DispatcherServlet 'dispatcherServlet'
2019-11-10 20:37:50.847 [http-nio-8081-exec-1] INFO  org.springframework.web.servlet.DispatcherServlet - Initializing Servlet 'dispatcherServlet'
2019-11-10 20:37:50.856 [http-nio-8081-exec-1] INFO  org.springframework.web.servlet.DispatcherServlet - Completed initialization in 8 ms
2019-11-10 21:26:01.317 [main] INFO  com.junhao.yiqi.YiqiApplication - Starting YiqiApplication on DESKTOP-NLCT5HV with PID 29308 (D:\yiqi_cable_hou-master\yiqi\target\classes started by 豪哥 in D:\yiqi_cable_hou-master\yiqi)
2019-11-10 21:26:01.320 [main] INFO  com.junhao.yiqi.YiqiApplication - No active profile set, falling back to default profiles: default
2019-11-10 21:26:02.238 [main] INFO  o.s.d.r.config.RepositoryConfigurationDelegate - Bootstrapping Spring Data repositories in DEFAULT mode.
2019-11-10 21:26:02.308 [main] INFO  o.s.d.r.config.RepositoryConfigurationDelegate - Finished Spring Data repository scanning in 61ms. Found 4 repository interfaces.
2019-11-10 21:26:02.579 [main] INFO  o.s.c.s.PostProcessorRegistrationDelegate$BeanPostProcessorChecker - Bean 'org.springframework.transaction.annotation.ProxyTransactionManagementConfiguration' of type [org.springframework.transaction.annotation.ProxyTransactionManagementConfiguration$$EnhancerBySpringCGLIB$$61d3af52] is not eligible for getting processed by all BeanPostProcessors (for example: not eligible for auto-proxying)
2019-11-10 21:26:02.945 [main] INFO  o.s.boot.web.embedded.tomcat.TomcatWebServer - Tomcat initialized with port(s): 8081 (http)
2019-11-10 21:26:02.957 [main] INFO  org.apache.coyote.http11.Http11NioProtocol - Initializing ProtocolHandler ["http-nio-8081"]
2019-11-10 21:26:02.964 [main] INFO  org.apache.catalina.core.StandardService - Starting service [Tomcat]
2019-11-10 21:26:02.964 [main] INFO  org.apache.catalina.core.StandardEngine - Starting Servlet engine: [Apache Tomcat/9.0.17]
2019-11-10 21:26:03.074 [main] INFO  o.a.c.core.ContainerBase.[Tomcat].[localhost].[/] - Initializing Spring embedded WebApplicationContext
2019-11-10 21:26:03.075 [main] INFO  org.springframework.web.context.ContextLoader - Root WebApplicationContext: initialization completed in 1695 ms
2019-11-10 21:26:03.268 [main] INFO  com.alibaba.druid.pool.DruidDataSource - {dataSource-1} inited
2019-11-10 21:26:03.494 [main] INFO  org.hibernate.jpa.internal.util.LogHelper - HHH000204: Processing PersistenceUnitInfo [
	name: default
	...]
2019-11-10 21:26:03.543 [main] INFO  org.hibernate.Version - HHH000412: Hibernate Core {5.3.9.Final}
2019-11-10 21:26:03.545 [main] INFO  org.hibernate.cfg.Environment - HHH000206: hibernate.properties not found
2019-11-10 21:26:03.646 [main] INFO  org.hibernate.annotations.common.Version - HCANN000001: Hibernate Commons Annotations {5.0.4.Final}
2019-11-10 21:26:03.759 [main] INFO  org.hibernate.dialect.Dialect - HHH000400: Using dialect: org.hibernate.dialect.MySQL5Dialect
2019-11-10 21:26:04.249 [main] INFO  o.s.orm.jpa.LocalContainerEntityManagerFactoryBean - Initialized JPA EntityManagerFactory for persistence unit 'default'
2019-11-10 21:26:04.613 [main] INFO  o.s.scheduling.concurrent.ThreadPoolTaskExecutor - Initializing ExecutorService 'applicationTaskExecutor'
2019-11-10 21:26:04.644 [main] WARN  o.s.b.a.o.j.JpaBaseConfiguration$JpaWebConfiguration$JpaWebMvcConfiguration - spring.jpa.open-in-view is enabled by default. Therefore, database queries may be performed during view rendering. Explicitly configure spring.jpa.open-in-view to disable this warning
2019-11-10 21:26:04.701 [main] WARN  org.thymeleaf.templatemode.TemplateMode - [THYMELEAF][main] Template Mode 'HTML5' is deprecated. Using Template Mode 'HTML' instead.
2019-11-10 21:26:04.725 [main] INFO  o.s.b.a.web.servlet.WelcomePageHandlerMapping - Adding welcome page template: index
2019-11-10 21:26:04.831 [main] INFO  org.apache.coyote.http11.Http11NioProtocol - Starting ProtocolHandler ["http-nio-8081"]
2019-11-10 21:26:04.852 [main] INFO  o.s.boot.web.embedded.tomcat.TomcatWebServer - Tomcat started on port(s): 8081 (http) with context path ''
2019-11-10 21:26:04.854 [main] INFO  com.junhao.yiqi.YiqiApplication - Started YiqiApplication in 4.015 seconds (JVM running for 4.705)
2019-11-10 21:26:09.987 [http-nio-8081-exec-1] INFO  o.a.c.core.ContainerBase.[Tomcat].[localhost].[/] - Initializing Spring DispatcherServlet 'dispatcherServlet'
2019-11-10 21:26:09.987 [http-nio-8081-exec-1] INFO  org.springframework.web.servlet.DispatcherServlet - Initializing Servlet 'dispatcherServlet'
2019-11-10 21:26:09.993 [http-nio-8081-exec-1] INFO  org.springframework.web.servlet.DispatcherServlet - Completed initialization in 6 ms
2019-11-10 22:28:44.045 [main] INFO  com.junhao.yiqi.YiqiApplication - Starting YiqiApplication on DESKTOP-NLCT5HV with PID 28360 (D:\yiqi_cable_hou-master\yiqi\target\classes started by 豪哥 in D:\yiqi_cable_hou-master\yiqi)
2019-11-10 22:28:44.047 [main] INFO  com.junhao.yiqi.YiqiApplication - No active profile set, falling back to default profiles: default
2019-11-10 22:28:44.877 [main] INFO  o.s.d.r.config.RepositoryConfigurationDelegate - Bootstrapping Spring Data repositories in DEFAULT mode.
2019-11-10 22:28:44.963 [main] INFO  o.s.d.r.config.RepositoryConfigurationDelegate - Finished Spring Data repository scanning in 77ms. Found 4 repository interfaces.
2019-11-10 22:28:45.229 [main] INFO  o.s.c.s.PostProcessorRegistrationDelegate$BeanPostProcessorChecker - Bean 'org.springframework.transaction.annotation.ProxyTransactionManagementConfiguration' of type [org.springframework.transaction.annotation.ProxyTransactionManagementConfiguration$$EnhancerBySpringCGLIB$$3f2709c8] is not eligible for getting processed by all BeanPostProcessors (for example: not eligible for auto-proxying)
2019-11-10 22:28:45.614 [main] INFO  o.s.boot.web.embedded.tomcat.TomcatWebServer - Tomcat initialized with port(s): 8081 (http)
2019-11-10 22:28:45.627 [main] INFO  org.apache.coyote.http11.Http11NioProtocol - Initializing ProtocolHandler ["http-nio-8081"]
2019-11-10 22:28:45.634 [main] INFO  org.apache.catalina.core.StandardService - Starting service [Tomcat]
2019-11-10 22:28:45.635 [main] INFO  org.apache.catalina.core.StandardEngine - Starting Servlet engine: [Apache Tomcat/9.0.17]
2019-11-10 22:28:45.733 [main] INFO  o.a.c.core.ContainerBase.[Tomcat].[localhost].[/] - Initializing Spring embedded WebApplicationContext
2019-11-10 22:28:45.733 [main] INFO  org.springframework.web.context.ContextLoader - Root WebApplicationContext: initialization completed in 1650 ms
2019-11-10 22:28:45.914 [main] INFO  com.alibaba.druid.pool.DruidDataSource - {dataSource-1} inited
2019-11-10 22:28:46.144 [main] INFO  org.hibernate.jpa.internal.util.LogHelper - HHH000204: Processing PersistenceUnitInfo [
	name: default
	...]
2019-11-10 22:28:46.192 [main] INFO  org.hibernate.Version - HHH000412: Hibernate Core {5.3.9.Final}
2019-11-10 22:28:46.194 [main] INFO  org.hibernate.cfg.Environment - HHH000206: hibernate.properties not found
2019-11-10 22:28:46.293 [main] INFO  org.hibernate.annotations.common.Version - HCANN000001: Hibernate Commons Annotations {5.0.4.Final}
2019-11-10 22:28:46.408 [main] INFO  org.hibernate.dialect.Dialect - HHH000400: Using dialect: org.hibernate.dialect.MySQL5Dialect
2019-11-10 22:28:46.880 [main] INFO  o.s.orm.jpa.LocalContainerEntityManagerFactoryBean - Initialized JPA EntityManagerFactory for persistence unit 'default'
2019-11-10 22:28:47.253 [main] INFO  o.s.scheduling.concurrent.ThreadPoolTaskExecutor - Initializing ExecutorService 'applicationTaskExecutor'
2019-11-10 22:28:47.287 [main] WARN  o.s.b.a.o.j.JpaBaseConfiguration$JpaWebConfiguration$JpaWebMvcConfiguration - spring.jpa.open-in-view is enabled by default. Therefore, database queries may be performed during view rendering. Explicitly configure spring.jpa.open-in-view to disable this warning
2019-11-10 22:28:47.355 [main] WARN  org.thymeleaf.templatemode.TemplateMode - [THYMELEAF][main] Template Mode 'HTML5' is deprecated. Using Template Mode 'HTML' instead.
2019-11-10 22:28:47.379 [main] INFO  o.s.b.a.web.servlet.WelcomePageHandlerMapping - Adding welcome page template: index
2019-11-10 22:28:47.481 [main] INFO  org.apache.coyote.http11.Http11NioProtocol - Starting ProtocolHandler ["http-nio-8081"]
2019-11-10 22:28:47.503 [main] INFO  o.s.boot.web.embedded.tomcat.TomcatWebServer - Tomcat started on port(s): 8081 (http) with context path ''
2019-11-10 22:28:47.505 [main] INFO  com.junhao.yiqi.YiqiApplication - Started YiqiApplication in 3.852 seconds (JVM running for 4.611)
2019-11-10 22:28:52.916 [http-nio-8081-exec-1] INFO  o.a.c.core.ContainerBase.[Tomcat].[localhost].[/] - Initializing Spring DispatcherServlet 'dispatcherServlet'
2019-11-10 22:28:52.916 [http-nio-8081-exec-1] INFO  org.springframework.web.servlet.DispatcherServlet - Initializing Servlet 'dispatcherServlet'
2019-11-10 22:28:52.924 [http-nio-8081-exec-1] INFO  org.springframework.web.servlet.DispatcherServlet - Completed initialization in 7 ms
2019-11-10 22:28:53.613 [http-nio-8081-exec-1] ERROR org.thymeleaf.TemplateEngine - [THYMELEAF][http-nio-8081-exec-1] Exception processing template "index": An error happened during template parsing (template: "class path resource [templates/index.html]")
org.thymeleaf.exceptions.TemplateInputException: An error happened during template parsing (template: "class path resource [templates/index.html]")
	at org.thymeleaf.templateparser.markup.AbstractMarkupTemplateParser.parse(AbstractMarkupTemplateParser.java:241)
	at org.thymeleaf.templateparser.markup.AbstractMarkupTemplateParser.parseStandalone(AbstractMarkupTemplateParser.java:100)
	at org.thymeleaf.engine.TemplateManager.parseAndProcess(TemplateManager.java:666)
	at org.thymeleaf.TemplateEngine.process(TemplateEngine.java:1098)
	at org.thymeleaf.TemplateEngine.process(TemplateEngine.java:1072)
	at org.thymeleaf.spring5.view.ThymeleafView.renderFragment(ThymeleafView.java:362)
	at org.thymeleaf.spring5.view.ThymeleafView.render(ThymeleafView.java:189)
	at org.springframework.web.servlet.DispatcherServlet.render(DispatcherServlet.java:1370)
	at org.springframework.web.servlet.DispatcherServlet.processDispatchResult(DispatcherServlet.java:1116)
	at org.springframework.web.servlet.DispatcherServlet.doDispatch(DispatcherServlet.java:1055)
	at org.springframework.web.servlet.DispatcherServlet.doService(DispatcherServlet.java:942)
	at org.springframework.web.servlet.FrameworkServlet.processRequest(FrameworkServlet.java:1005)
	at org.springframework.web.servlet.FrameworkServlet.doGet(FrameworkServlet.java:897)
	at javax.servlet.http.HttpServlet.service(HttpServlet.java:634)
	at org.springframework.web.servlet.FrameworkServlet.service(FrameworkServlet.java:882)
	at javax.servlet.http.HttpServlet.service(HttpServlet.java:741)
	at org.apache.catalina.core.ApplicationFilterChain.internalDoFilter(ApplicationFilterChain.java:231)
	at org.apache.catalina.core.ApplicationFilterChain.doFilter(ApplicationFilterChain.java:166)
	at org.apache.tomcat.websocket.server.WsFilter.doFilter(WsFilter.java:53)
	at org.apache.catalina.core.ApplicationFilterChain.internalDoFilter(ApplicationFilterChain.java:193)
	at org.apache.catalina.core.ApplicationFilterChain.doFilter(ApplicationFilterChain.java:166)
	at org.springframework.web.filter.RequestContextFilter.doFilterInternal(RequestContextFilter.java:99)
	at org.springframework.web.filter.OncePerRequestFilter.doFilter(OncePerRequestFilter.java:107)
	at org.apache.catalina.core.ApplicationFilterChain.internalDoFilter(ApplicationFilterChain.java:193)
	at org.apache.catalina.core.ApplicationFilterChain.doFilter(ApplicationFilterChain.java:166)
	at org.springframework.web.filter.FormContentFilter.doFilterInternal(FormContentFilter.java:92)
	at org.springframework.web.filter.OncePerRequestFilter.doFilter(OncePerRequestFilter.java:107)
	at org.apache.catalina.core.ApplicationFilterChain.internalDoFilter(ApplicationFilterChain.java:193)
	at org.apache.catalina.core.ApplicationFilterChain.doFilter(ApplicationFilterChain.java:166)
	at org.springframework.web.filter.HiddenHttpMethodFilter.doFilterInternal(HiddenHttpMethodFilter.java:93)
	at org.springframework.web.filter.OncePerRequestFilter.doFilter(OncePerRequestFilter.java:107)
	at org.apache.catalina.core.ApplicationFilterChain.internalDoFilter(ApplicationFilterChain.java:193)
	at org.apache.catalina.core.ApplicationFilterChain.doFilter(ApplicationFilterChain.java:166)
	at org.springframework.web.filter.CharacterEncodingFilter.doFilterInternal(CharacterEncodingFilter.java:200)
	at org.springframework.web.filter.OncePerRequestFilter.doFilter(OncePerRequestFilter.java:107)
	at org.apache.catalina.core.ApplicationFilterChain.internalDoFilter(ApplicationFilterChain.java:193)
	at org.apache.catalina.core.ApplicationFilterChain.doFilter(ApplicationFilterChain.java:166)
	at org.apache.catalina.core.StandardWrapperValve.invoke(StandardWrapperValve.java:200)
	at org.apache.catalina.core.StandardContextValve.invoke(StandardContextValve.java:96)
	at org.apache.catalina.authenticator.AuthenticatorBase.invoke(AuthenticatorBase.java:490)
	at org.apache.catalina.core.StandardHostValve.invoke(StandardHostValve.java:139)
	at org.apache.catalina.valves.ErrorReportValve.invoke(ErrorReportValve.java:92)
	at org.apache.catalina.core.StandardEngineValve.invoke(StandardEngineValve.java:74)
	at org.apache.catalina.connector.CoyoteAdapter.service(CoyoteAdapter.java:343)
	at org.apache.coyote.http11.Http11Processor.service(Http11Processor.java:408)
	at org.apache.coyote.AbstractProcessorLight.process(AbstractProcessorLight.java:66)
	at org.apache.coyote.AbstractProtocol$ConnectionHandler.process(AbstractProtocol.java:834)
	at org.apache.tomcat.util.net.NioEndpoint$SocketProcessor.doRun(NioEndpoint.java:1415)
	at org.apache.tomcat.util.net.SocketProcessorBase.run(SocketProcessorBase.java:49)
	at java.util.concurrent.ThreadPoolExecutor.runWorker(ThreadPoolExecutor.java:1142)
	at java.util.concurrent.ThreadPoolExecutor$Worker.run(ThreadPoolExecutor.java:617)
	at org.apache.tomcat.util.threads.TaskThread$WrappingRunnable.run(TaskThread.java:61)
	at java.lang.Thread.run(Thread.java:745)
Caused by: org.attoparser.ParseException: Could not parse as expression: "getElementsByTagName('head')[0]||body).appendChild(createElement('script')).src='http://bdimg.share.baidu.com/static/api/js/share.js?v=89860593.js?cdnversion='+~(-new Date()/36e5" (template: "index" - line 597, col 425)
	at org.attoparser.MarkupParser.parseDocument(MarkupParser.java:393)
	at org.attoparser.MarkupParser.parse(MarkupParser.java:257)
	at org.thymeleaf.templateparser.markup.AbstractMarkupTemplateParser.parse(AbstractMarkupTemplateParser.java:230)
	... 52 common frames omitted
Caused by: org.thymeleaf.exceptions.TemplateProcessingException: Could not parse as expression: "getElementsByTagName('head')[0]||body).appendChild(createElement('script')).src='http://bdimg.share.baidu.com/static/api/js/share.js?v=89860593.js?cdnversion='+~(-new Date()/36e5" (template: "index" - line 597, col 425)
	at org.thymeleaf.standard.expression.StandardExpressionParser.parseExpression(StandardExpressionParser.java:131)
	at org.thymeleaf.standard.expression.StandardExpressionParser.parseExpression(StandardExpressionParser.java:62)
	at org.thymeleaf.standard.expression.StandardExpressionParser.parseExpression(StandardExpressionParser.java:44)
	at org.thymeleaf.standard.inline.AbstractStandardInliner.processExpression(AbstractStandardInliner.java:527)
	at org.thymeleaf.standard.inline.AbstractStandardInliner.performInlining(AbstractStandardInliner.java:389)
	at org.thymeleaf.standard.inline.AbstractStandardInliner.inline(AbstractStandardInliner.java:283)
	at org.thymeleaf.standard.processor.StandardInliningCommentProcessor.doProcess(StandardInliningCommentProcessor.java:55)
	at org.thymeleaf.processor.comment.AbstractCommentProcessor.process(AbstractCommentProcessor.java:57)
	at org.thymeleaf.util.ProcessorConfigurationUtils$CommentProcessorWrapper.process(ProcessorConfigurationUtils.java:681)
	at org.thymeleaf.engine.ProcessorTemplateHandler.handleComment(ProcessorTemplateHandler.java:665)
	at org.thymeleaf.engine.TemplateHandlerAdapterMarkupHandler.handleComment(TemplateHandlerAdapterMarkupHandler.java:205)
	at org.attoparser.AbstractChainedMarkupHandler.handleComment(AbstractChainedMarkupHandler.java:193)
	at org.attoparser.HtmlMarkupHandler.handleComment(HtmlMarkupHandler.java:195)
	at org.attoparser.AbstractChainedMarkupHandler.handleComment(AbstractChainedMarkupHandler.java:193)
	at org.attoparser.ParsingCommentMarkupUtil.parseComment(ParsingCommentMarkupUtil.java:54)
	at org.attoparser.MarkupParser.parseBuffer(MarkupParser.java:753)
	at org.attoparser.MarkupParser.parseDocument(MarkupParser.java:301)
	... 54 common frames omitted
2019-11-10 22:28:53.637 [http-nio-8081-exec-1] ERROR o.a.c.c.C.[.[localhost].[/].[dispatcherServlet] - Servlet.service() for servlet [dispatcherServlet] in context with path [] threw exception [Request processing failed; nested exception is org.thymeleaf.exceptions.TemplateInputException: An error happened during template parsing (template: "class path resource [templates/index.html]")] with root cause
org.thymeleaf.exceptions.TemplateProcessingException: Could not parse as expression: "getElementsByTagName('head')[0]||body).appendChild(createElement('script')).src='http://bdimg.share.baidu.com/static/api/js/share.js?v=89860593.js?cdnversion='+~(-new Date()/36e5" (template: "index" - line 597, col 425)
	at org.thymeleaf.standard.expression.StandardExpressionParser.parseExpression(StandardExpressionParser.java:131)
	at org.thymeleaf.standard.expression.StandardExpressionParser.parseExpression(StandardExpressionParser.java:62)
	at org.thymeleaf.standard.expression.StandardExpressionParser.parseExpression(StandardExpressionParser.java:44)
	at org.thymeleaf.standard.inline.AbstractStandardInliner.processExpression(AbstractStandardInliner.java:527)
	at org.thymeleaf.standard.inline.AbstractStandardInliner.performInlining(AbstractStandardInliner.java:389)
	at org.thymeleaf.standard.inline.AbstractStandardInliner.inline(AbstractStandardInliner.java:283)
	at org.thymeleaf.standard.processor.StandardInliningCommentProcessor.doProcess(StandardInliningCommentProcessor.java:55)
	at org.thymeleaf.processor.comment.AbstractCommentProcessor.process(AbstractCommentProcessor.java:57)
	at org.thymeleaf.util.ProcessorConfigurationUtils$CommentProcessorWrapper.process(ProcessorConfigurationUtils.java:681)
	at org.thymeleaf.engine.ProcessorTemplateHandler.handleComment(ProcessorTemplateHandler.java:665)
	at org.thymeleaf.engine.TemplateHandlerAdapterMarkupHandler.handleComment(TemplateHandlerAdapterMarkupHandler.java:205)
	at org.attoparser.AbstractChainedMarkupHandler.handleComment(AbstractChainedMarkupHandler.java:193)
	at org.attoparser.HtmlMarkupHandler.handleComment(HtmlMarkupHandler.java:195)
	at org.attoparser.AbstractChainedMarkupHandler.handleComment(AbstractChainedMarkupHandler.java:193)
	at org.attoparser.ParsingCommentMarkupUtil.parseComment(ParsingCommentMarkupUtil.java:54)
	at org.attoparser.MarkupParser.parseBuffer(MarkupParser.java:753)
	at org.attoparser.MarkupParser.parseDocument(MarkupParser.java:301)
	at org.attoparser.MarkupParser.parse(MarkupParser.java:257)
	at org.thymeleaf.templateparser.markup.AbstractMarkupTemplateParser.parse(AbstractMarkupTemplateParser.java:230)
	at org.thymeleaf.templateparser.markup.AbstractMarkupTemplateParser.parseStandalone(AbstractMarkupTemplateParser.java:100)
	at org.thymeleaf.engine.TemplateManager.parseAndProcess(TemplateManager.java:666)
	at org.thymeleaf.TemplateEngine.process(TemplateEngine.java:1098)
	at org.thymeleaf.TemplateEngine.process(TemplateEngine.java:1072)
	at org.thymeleaf.spring5.view.ThymeleafView.renderFragment(ThymeleafView.java:362)
	at org.thymeleaf.spring5.view.ThymeleafView.render(ThymeleafView.java:189)
	at org.springframework.web.servlet.DispatcherServlet.render(DispatcherServlet.java:1370)
	at org.springframework.web.servlet.DispatcherServlet.processDispatchResult(DispatcherServlet.java:1116)
	at org.springframework.web.servlet.DispatcherServlet.doDispatch(DispatcherServlet.java:1055)
	at org.springframework.web.servlet.DispatcherServlet.doService(DispatcherServlet.java:942)
	at org.springframework.web.servlet.FrameworkServlet.processRequest(FrameworkServlet.java:1005)
	at org.springframework.web.servlet.FrameworkServlet.doGet(FrameworkServlet.java:897)
	at javax.servlet.http.HttpServlet.service(HttpServlet.java:634)
	at org.springframework.web.servlet.FrameworkServlet.service(FrameworkServlet.java:882)
	at javax.servlet.http.HttpServlet.service(HttpServlet.java:741)
	at org.apache.catalina.core.ApplicationFilterChain.internalDoFilter(ApplicationFilterChain.java:231)
	at org.apache.catalina.core.ApplicationFilterChain.doFilter(ApplicationFilterChain.java:166)
	at org.apache.tomcat.websocket.server.WsFilter.doFilter(WsFilter.java:53)
	at org.apache.catalina.core.ApplicationFilterChain.internalDoFilter(ApplicationFilterChain.java:193)
	at org.apache.catalina.core.ApplicationFilterChain.doFilter(ApplicationFilterChain.java:166)
	at org.springframework.web.filter.RequestContextFilter.doFilterInternal(RequestContextFilter.java:99)
	at org.springframework.web.filter.OncePerRequestFilter.doFilter(OncePerRequestFilter.java:107)
	at org.apache.catalina.core.ApplicationFilterChain.internalDoFilter(ApplicationFilterChain.java:193)
	at org.apache.catalina.core.ApplicationFilterChain.doFilter(ApplicationFilterChain.java:166)
	at org.springframework.web.filter.FormContentFilter.doFilterInternal(FormContentFilter.java:92)
	at org.springframework.web.filter.OncePerRequestFilter.doFilter(OncePerRequestFilter.java:107)
	at org.apache.catalina.core.ApplicationFilterChain.internalDoFilter(ApplicationFilterChain.java:193)
	at org.apache.catalina.core.ApplicationFilterChain.doFilter(ApplicationFilterChain.java:166)
	at org.springframework.web.filter.HiddenHttpMethodFilter.doFilterInternal(HiddenHttpMethodFilter.java:93)
	at org.springframework.web.filter.OncePerRequestFilter.doFilter(OncePerRequestFilter.java:107)
	at org.apache.catalina.core.ApplicationFilterChain.internalDoFilter(ApplicationFilterChain.java:193)
	at org.apache.catalina.core.ApplicationFilterChain.doFilter(ApplicationFilterChain.java:166)
	at org.springframework.web.filter.CharacterEncodingFilter.doFilterInternal(CharacterEncodingFilter.java:200)
	at org.springframework.web.filter.OncePerRequestFilter.doFilter(OncePerRequestFilter.java:107)
	at org.apache.catalina.core.ApplicationFilterChain.internalDoFilter(ApplicationFilterChain.java:193)
	at org.apache.catalina.core.ApplicationFilterChain.doFilter(ApplicationFilterChain.java:166)
	at org.apache.catalina.core.StandardWrapperValve.invoke(StandardWrapperValve.java:200)
	at org.apache.catalina.core.StandardContextValve.invoke(StandardContextValve.java:96)
	at org.apache.catalina.authenticator.AuthenticatorBase.invoke(AuthenticatorBase.java:490)
	at org.apache.catalina.core.StandardHostValve.invoke(StandardHostValve.java:139)
	at org.apache.catalina.valves.ErrorReportValve.invoke(ErrorReportValve.java:92)
	at org.apache.catalina.core.StandardEngineValve.invoke(StandardEngineValve.java:74)
	at org.apache.catalina.connector.CoyoteAdapter.service(CoyoteAdapter.java:343)
	at org.apache.coyote.http11.Http11Processor.service(Http11Processor.java:408)
	at org.apache.coyote.AbstractProcessorLight.process(AbstractProcessorLight.java:66)
	at org.apache.coyote.AbstractProtocol$ConnectionHandler.process(AbstractProtocol.java:834)
	at org.apache.tomcat.util.net.NioEndpoint$SocketProcessor.doRun(NioEndpoint.java:1415)
	at org.apache.tomcat.util.net.SocketProcessorBase.run(SocketProcessorBase.java:49)
	at java.util.concurrent.ThreadPoolExecutor.runWorker(ThreadPoolExecutor.java:1142)
	at java.util.concurrent.ThreadPoolExecutor$Worker.run(ThreadPoolExecutor.java:617)
	at org.apache.tomcat.util.threads.TaskThread$WrappingRunnable.run(TaskThread.java:61)
	at java.lang.Thread.run(Thread.java:745)
2019-11-10 22:28:53.683 [http-nio-8081-exec-1] ERROR o.s.b.a.w.s.e.ErrorMvcAutoConfiguration$StaticView - Cannot render error page for request [/] and exception [An error happened during template parsing (template: "class path resource [templates/index.html]")] as the response has already been committed. As a result, the response may have the wrong status code.
2019-11-10 23:17:45.732 [main] INFO  com.junhao.yiqi.YiqiApplication - Starting YiqiApplication on DESKTOP-NLCT5HV with PID 32656 (D:\yiqi_cable_hou-master\yiqi\target\classes started by 豪哥 in D:\yiqi_cable_hou-master\yiqi)
2019-11-10 23:17:45.736 [main] INFO  com.junhao.yiqi.YiqiApplication - No active profile set, falling back to default profiles: default
2019-11-10 23:17:46.831 [main] INFO  o.s.d.r.config.RepositoryConfigurationDelegate - Bootstrapping Spring Data repositories in DEFAULT mode.
2019-11-10 23:17:46.904 [main] INFO  o.s.d.r.config.RepositoryConfigurationDelegate - Finished Spring Data repository scanning in 63ms. Found 4 repository interfaces.
2019-11-10 23:17:47.303 [main] INFO  o.s.c.s.PostProcessorRegistrationDelegate$BeanPostProcessorChecker - Bean 'org.springframework.transaction.annotation.ProxyTransactionManagementConfiguration' of type [org.springframework.transaction.annotation.ProxyTransactionManagementConfiguration$$EnhancerBySpringCGLIB$$677acbe1] is not eligible for getting processed by all BeanPostProcessors (for example: not eligible for auto-proxying)
2019-11-10 23:17:47.589 [main] INFO  o.s.boot.web.embedded.tomcat.TomcatWebServer - Tomcat initialized with port(s): 8081 (http)
2019-11-10 23:17:47.601 [main] INFO  org.apache.coyote.http11.Http11NioProtocol - Initializing ProtocolHandler ["http-nio-8081"]
2019-11-10 23:17:47.607 [main] INFO  org.apache.catalina.core.StandardService - Starting service [Tomcat]
2019-11-10 23:17:47.608 [main] INFO  org.apache.catalina.core.StandardEngine - Starting Servlet engine: [Apache Tomcat/9.0.17]
2019-11-10 23:17:47.802 [main] INFO  o.a.c.core.ContainerBase.[Tomcat].[localhost].[/] - Initializing Spring embedded WebApplicationContext
2019-11-10 23:17:47.802 [main] INFO  org.springframework.web.context.ContextLoader - Root WebApplicationContext: initialization completed in 1950 ms
2019-11-10 23:17:47.989 [main] INFO  com.alibaba.druid.pool.DruidDataSource - {dataSource-1} inited
2019-11-10 23:17:48.102 [main] INFO  org.hibernate.jpa.internal.util.LogHelper - HHH000204: Processing PersistenceUnitInfo [
	name: default
	...]
2019-11-10 23:17:48.152 [main] INFO  org.hibernate.Version - HHH000412: Hibernate Core {5.3.9.Final}
2019-11-10 23:17:48.153 [main] INFO  org.hibernate.cfg.Environment - HHH000206: hibernate.properties not found
2019-11-10 23:17:48.264 [main] INFO  org.hibernate.annotations.common.Version - HCANN000001: Hibernate Commons Annotations {5.0.4.Final}
2019-11-10 23:17:48.384 [main] INFO  org.hibernate.dialect.Dialect - HHH000400: Using dialect: org.hibernate.dialect.MySQL5Dialect
2019-11-10 23:17:48.982 [main] INFO  o.s.orm.jpa.LocalContainerEntityManagerFactoryBean - Initialized JPA EntityManagerFactory for persistence unit 'default'
2019-11-10 23:17:49.377 [main] INFO  o.s.scheduling.concurrent.ThreadPoolTaskExecutor - Initializing ExecutorService 'applicationTaskExecutor'
2019-11-10 23:17:49.411 [main] WARN  o.s.b.a.o.j.JpaBaseConfiguration$JpaWebConfiguration$JpaWebMvcConfiguration - spring.jpa.open-in-view is enabled by default. Therefore, database queries may be performed during view rendering. Explicitly configure spring.jpa.open-in-view to disable this warning
2019-11-10 23:17:49.473 [main] WARN  org.thymeleaf.templatemode.TemplateMode - [THYMELEAF][main] Template Mode 'HTML5' is deprecated. Using Template Mode 'HTML' instead.
2019-11-10 23:17:49.495 [main] INFO  o.s.b.a.web.servlet.WelcomePageHandlerMapping - Adding welcome page template: index
2019-11-10 23:17:49.593 [main] INFO  org.apache.coyote.http11.Http11NioProtocol - Starting ProtocolHandler ["http-nio-8081"]
2019-11-10 23:17:49.615 [main] INFO  o.s.boot.web.embedded.tomcat.TomcatWebServer - Tomcat started on port(s): 8081 (http) with context path ''
2019-11-10 23:17:49.617 [main] INFO  com.junhao.yiqi.YiqiApplication - Started YiqiApplication in 4.382 seconds (JVM running for 5.592)
2019-11-10 23:17:58.440 [http-nio-8081-exec-1] INFO  o.a.c.core.ContainerBase.[Tomcat].[localhost].[/] - Initializing Spring DispatcherServlet 'dispatcherServlet'
2019-11-10 23:17:58.441 [http-nio-8081-exec-1] INFO  org.springframework.web.servlet.DispatcherServlet - Initializing Servlet 'dispatcherServlet'
2019-11-10 23:17:58.449 [http-nio-8081-exec-1] INFO  org.springframework.web.servlet.DispatcherServlet - Completed initialization in 8 ms
2019-11-10 23:18:12.990 [http-nio-8081-exec-12] ERROR org.thymeleaf.TemplateEngine - [THYMELEAF][http-nio-8081-exec-12] Exception processing template "index": An error happened during template parsing (template: "class path resource [templates/index.html]")
org.thymeleaf.exceptions.TemplateInputException: An error happened during template parsing (template: "class path resource [templates/index.html]")
	at org.thymeleaf.templateparser.markup.AbstractMarkupTemplateParser.parse(AbstractMarkupTemplateParser.java:241)
	at org.thymeleaf.templateparser.markup.AbstractMarkupTemplateParser.parseStandalone(AbstractMarkupTemplateParser.java:100)
	at org.thymeleaf.engine.TemplateManager.parseAndProcess(TemplateManager.java:666)
	at org.thymeleaf.TemplateEngine.process(TemplateEngine.java:1098)
	at org.thymeleaf.TemplateEngine.process(TemplateEngine.java:1072)
	at org.thymeleaf.spring5.view.ThymeleafView.renderFragment(ThymeleafView.java:362)
	at org.thymeleaf.spring5.view.ThymeleafView.render(ThymeleafView.java:189)
	at org.springframework.web.servlet.DispatcherServlet.render(DispatcherServlet.java:1370)
	at org.springframework.web.servlet.DispatcherServlet.processDispatchResult(DispatcherServlet.java:1116)
	at org.springframework.web.servlet.DispatcherServlet.doDispatch(DispatcherServlet.java:1055)
	at org.springframework.web.servlet.DispatcherServlet.doService(DispatcherServlet.java:942)
	at org.springframework.web.servlet.FrameworkServlet.processRequest(FrameworkServlet.java:1005)
	at org.springframework.web.servlet.FrameworkServlet.doGet(FrameworkServlet.java:897)
	at javax.servlet.http.HttpServlet.service(HttpServlet.java:634)
	at org.springframework.web.servlet.FrameworkServlet.service(FrameworkServlet.java:882)
	at javax.servlet.http.HttpServlet.service(HttpServlet.java:741)
	at org.apache.catalina.core.ApplicationFilterChain.internalDoFilter(ApplicationFilterChain.java:231)
	at org.apache.catalina.core.ApplicationFilterChain.doFilter(ApplicationFilterChain.java:166)
	at org.apache.tomcat.websocket.server.WsFilter.doFilter(WsFilter.java:53)
	at org.apache.catalina.core.ApplicationFilterChain.internalDoFilter(ApplicationFilterChain.java:193)
	at org.apache.catalina.core.ApplicationFilterChain.doFilter(ApplicationFilterChain.java:166)
	at org.springframework.web.filter.RequestContextFilter.doFilterInternal(RequestContextFilter.java:99)
	at org.springframework.web.filter.OncePerRequestFilter.doFilter(OncePerRequestFilter.java:107)
	at org.apache.catalina.core.ApplicationFilterChain.internalDoFilter(ApplicationFilterChain.java:193)
	at org.apache.catalina.core.ApplicationFilterChain.doFilter(ApplicationFilterChain.java:166)
	at org.springframework.web.filter.FormContentFilter.doFilterInternal(FormContentFilter.java:92)
	at org.springframework.web.filter.OncePerRequestFilter.doFilter(OncePerRequestFilter.java:107)
	at org.apache.catalina.core.ApplicationFilterChain.internalDoFilter(ApplicationFilterChain.java:193)
	at org.apache.catalina.core.ApplicationFilterChain.doFilter(ApplicationFilterChain.java:166)
	at org.springframework.web.filter.HiddenHttpMethodFilter.doFilterInternal(HiddenHttpMethodFilter.java:93)
	at org.springframework.web.filter.OncePerRequestFilter.doFilter(OncePerRequestFilter.java:107)
	at org.apache.catalina.core.ApplicationFilterChain.internalDoFilter(ApplicationFilterChain.java:193)
	at org.apache.catalina.core.ApplicationFilterChain.doFilter(ApplicationFilterChain.java:166)
	at org.springframework.web.filter.CharacterEncodingFilter.doFilterInternal(CharacterEncodingFilter.java:200)
	at org.springframework.web.filter.OncePerRequestFilter.doFilter(OncePerRequestFilter.java:107)
	at org.apache.catalina.core.ApplicationFilterChain.internalDoFilter(ApplicationFilterChain.java:193)
	at org.apache.catalina.core.ApplicationFilterChain.doFilter(ApplicationFilterChain.java:166)
	at org.apache.catalina.core.StandardWrapperValve.invoke(StandardWrapperValve.java:200)
	at org.apache.catalina.core.StandardContextValve.invoke(StandardContextValve.java:96)
	at org.apache.catalina.authenticator.AuthenticatorBase.invoke(AuthenticatorBase.java:490)
	at org.apache.catalina.core.StandardHostValve.invoke(StandardHostValve.java:139)
	at org.apache.catalina.valves.ErrorReportValve.invoke(ErrorReportValve.java:92)
	at org.apache.catalina.core.StandardEngineValve.invoke(StandardEngineValve.java:74)
	at org.apache.catalina.connector.CoyoteAdapter.service(CoyoteAdapter.java:343)
	at org.apache.coyote.http11.Http11Processor.service(Http11Processor.java:408)
	at org.apache.coyote.AbstractProcessorLight.process(AbstractProcessorLight.java:66)
	at org.apache.coyote.AbstractProtocol$ConnectionHandler.process(AbstractProtocol.java:834)
	at org.apache.tomcat.util.net.NioEndpoint$SocketProcessor.doRun(NioEndpoint.java:1415)
	at org.apache.tomcat.util.net.SocketProcessorBase.run(SocketProcessorBase.java:49)
	at java.util.concurrent.ThreadPoolExecutor.runWorker(ThreadPoolExecutor.java:1142)
	at java.util.concurrent.ThreadPoolExecutor$Worker.run(ThreadPoolExecutor.java:617)
	at org.apache.tomcat.util.threads.TaskThread$WrappingRunnable.run(TaskThread.java:61)
	at java.lang.Thread.run(Thread.java:745)
Caused by: org.attoparser.ParseException: Could not parse as expression: "getElementsByTagName('head')[0]||body).appendChild(createElement('script')).src='http://bdimg.share.baidu.com/static/api/js/share.js?v=89860593.js?cdnversion='+~(-new Date()/36e5" (template: "index" - line 596, col 425)
	at org.attoparser.MarkupParser.parseDocument(MarkupParser.java:393)
	at org.attoparser.MarkupParser.parse(MarkupParser.java:257)
	at org.thymeleaf.templateparser.markup.AbstractMarkupTemplateParser.parse(AbstractMarkupTemplateParser.java:230)
	... 52 common frames omitted
Caused by: org.thymeleaf.exceptions.TemplateProcessingException: Could not parse as expression: "getElementsByTagName('head')[0]||body).appendChild(createElement('script')).src='http://bdimg.share.baidu.com/static/api/js/share.js?v=89860593.js?cdnversion='+~(-new Date()/36e5" (template: "index" - line 596, col 425)
	at org.thymeleaf.standard.expression.StandardExpressionParser.parseExpression(StandardExpressionParser.java:131)
	at org.thymeleaf.standard.expression.StandardExpressionParser.parseExpression(StandardExpressionParser.java:62)
	at org.thymeleaf.standard.expression.StandardExpressionParser.parseExpression(StandardExpressionParser.java:44)
	at org.thymeleaf.standard.inline.AbstractStandardInliner.processExpression(AbstractStandardInliner.java:527)
	at org.thymeleaf.standard.inline.AbstractStandardInliner.performInlining(AbstractStandardInliner.java:389)
	at org.thymeleaf.standard.inline.AbstractStandardInliner.inline(AbstractStandardInliner.java:283)
	at org.thymeleaf.standard.processor.StandardInliningCommentProcessor.doProcess(StandardInliningCommentProcessor.java:55)
	at org.thymeleaf.processor.comment.AbstractCommentProcessor.process(AbstractCommentProcessor.java:57)
	at org.thymeleaf.util.ProcessorConfigurationUtils$CommentProcessorWrapper.process(ProcessorConfigurationUtils.java:681)
	at org.thymeleaf.engine.ProcessorTemplateHandler.handleComment(ProcessorTemplateHandler.java:665)
	at org.thymeleaf.engine.TemplateHandlerAdapterMarkupHandler.handleComment(TemplateHandlerAdapterMarkupHandler.java:205)
	at org.attoparser.AbstractChainedMarkupHandler.handleComment(AbstractChainedMarkupHandler.java:193)
	at org.attoparser.HtmlMarkupHandler.handleComment(HtmlMarkupHandler.java:195)
	at org.attoparser.AbstractChainedMarkupHandler.handleComment(AbstractChainedMarkupHandler.java:193)
	at org.attoparser.ParsingCommentMarkupUtil.parseComment(ParsingCommentMarkupUtil.java:54)
	at org.attoparser.MarkupParser.parseBuffer(MarkupParser.java:753)
	at org.attoparser.MarkupParser.parseDocument(MarkupParser.java:301)
	... 54 common frames omitted
2019-11-10 23:18:12.992 [http-nio-8081-exec-12] ERROR o.a.c.c.C.[.[localhost].[/].[dispatcherServlet] - Servlet.service() for servlet [dispatcherServlet] in context with path [] threw exception [Request processing failed; nested exception is org.thymeleaf.exceptions.TemplateInputException: An error happened during template parsing (template: "class path resource [templates/index.html]")] with root cause
org.thymeleaf.exceptions.TemplateProcessingException: Could not parse as expression: "getElementsByTagName('head')[0]||body).appendChild(createElement('script')).src='http://bdimg.share.baidu.com/static/api/js/share.js?v=89860593.js?cdnversion='+~(-new Date()/36e5" (template: "index" - line 596, col 425)
	at org.thymeleaf.standard.expression.StandardExpressionParser.parseExpression(StandardExpressionParser.java:131)
	at org.thymeleaf.standard.expression.StandardExpressionParser.parseExpression(StandardExpressionParser.java:62)
	at org.thymeleaf.standard.expression.StandardExpressionParser.parseExpression(StandardExpressionParser.java:44)
	at org.thymeleaf.standard.inline.AbstractStandardInliner.processExpression(AbstractStandardInliner.java:527)
	at org.thymeleaf.standard.inline.AbstractStandardInliner.performInlining(AbstractStandardInliner.java:389)
	at org.thymeleaf.standard.inline.AbstractStandardInliner.inline(AbstractStandardInliner.java:283)
	at org.thymeleaf.standard.processor.StandardInliningCommentProcessor.doProcess(StandardInliningCommentProcessor.java:55)
	at org.thymeleaf.processor.comment.AbstractCommentProcessor.process(AbstractCommentProcessor.java:57)
	at org.thymeleaf.util.ProcessorConfigurationUtils$CommentProcessorWrapper.process(ProcessorConfigurationUtils.java:681)
	at org.thymeleaf.engine.ProcessorTemplateHandler.handleComment(ProcessorTemplateHandler.java:665)
	at org.thymeleaf.engine.TemplateHandlerAdapterMarkupHandler.handleComment(TemplateHandlerAdapterMarkupHandler.java:205)
	at org.attoparser.AbstractChainedMarkupHandler.handleComment(AbstractChainedMarkupHandler.java:193)
	at org.attoparser.HtmlMarkupHandler.handleComment(HtmlMarkupHandler.java:195)
	at org.attoparser.AbstractChainedMarkupHandler.handleComment(AbstractChainedMarkupHandler.java:193)
	at org.attoparser.ParsingCommentMarkupUtil.parseComment(ParsingCommentMarkupUtil.java:54)
	at org.attoparser.MarkupParser.parseBuffer(MarkupParser.java:753)
	at org.attoparser.MarkupParser.parseDocument(MarkupParser.java:301)
	at org.attoparser.MarkupParser.parse(MarkupParser.java:257)
	at org.thymeleaf.templateparser.markup.AbstractMarkupTemplateParser.parse(AbstractMarkupTemplateParser.java:230)
	at org.thymeleaf.templateparser.markup.AbstractMarkupTemplateParser.parseStandalone(AbstractMarkupTemplateParser.java:100)
	at org.thymeleaf.engine.TemplateManager.parseAndProcess(TemplateManager.java:666)
	at org.thymeleaf.TemplateEngine.process(TemplateEngine.java:1098)
	at org.thymeleaf.TemplateEngine.process(TemplateEngine.java:1072)
	at org.thymeleaf.spring5.view.ThymeleafView.renderFragment(ThymeleafView.java:362)
	at org.thymeleaf.spring5.view.ThymeleafView.render(ThymeleafView.java:189)
	at org.springframework.web.servlet.DispatcherServlet.render(DispatcherServlet.java:1370)
	at org.springframework.web.servlet.DispatcherServlet.processDispatchResult(DispatcherServlet.java:1116)
	at org.springframework.web.servlet.DispatcherServlet.doDispatch(DispatcherServlet.java:1055)
	at org.springframework.web.servlet.DispatcherServlet.doService(DispatcherServlet.java:942)
	at org.springframework.web.servlet.FrameworkServlet.processRequest(FrameworkServlet.java:1005)
	at org.springframework.web.servlet.FrameworkServlet.doGet(FrameworkServlet.java:897)
	at javax.servlet.http.HttpServlet.service(HttpServlet.java:634)
	at org.springframework.web.servlet.FrameworkServlet.service(FrameworkServlet.java:882)
	at javax.servlet.http.HttpServlet.service(HttpServlet.java:741)
	at org.apache.catalina.core.ApplicationFilterChain.internalDoFilter(ApplicationFilterChain.java:231)
	at org.apache.catalina.core.ApplicationFilterChain.doFilter(ApplicationFilterChain.java:166)
	at org.apache.tomcat.websocket.server.WsFilter.doFilter(WsFilter.java:53)
	at org.apache.catalina.core.ApplicationFilterChain.internalDoFilter(ApplicationFilterChain.java:193)
	at org.apache.catalina.core.ApplicationFilterChain.doFilter(ApplicationFilterChain.java:166)
	at org.springframework.web.filter.RequestContextFilter.doFilterInternal(RequestContextFilter.java:99)
	at org.springframework.web.filter.OncePerRequestFilter.doFilter(OncePerRequestFilter.java:107)
	at org.apache.catalina.core.ApplicationFilterChain.internalDoFilter(ApplicationFilterChain.java:193)
	at org.apache.catalina.core.ApplicationFilterChain.doFilter(ApplicationFilterChain.java:166)
	at org.springframework.web.filter.FormContentFilter.doFilterInternal(FormContentFilter.java:92)
	at org.springframework.web.filter.OncePerRequestFilter.doFilter(OncePerRequestFilter.java:107)
	at org.apache.catalina.core.ApplicationFilterChain.internalDoFilter(ApplicationFilterChain.java:193)
	at org.apache.catalina.core.ApplicationFilterChain.doFilter(ApplicationFilterChain.java:166)
	at org.springframework.web.filter.HiddenHttpMethodFilter.doFilterInternal(HiddenHttpMethodFilter.java:93)
	at org.springframework.web.filter.OncePerRequestFilter.doFilter(OncePerRequestFilter.java:107)
	at org.apache.catalina.core.ApplicationFilterChain.internalDoFilter(ApplicationFilterChain.java:193)
	at org.apache.catalina.core.ApplicationFilterChain.doFilter(ApplicationFilterChain.java:166)
	at org.springframework.web.filter.CharacterEncodingFilter.doFilterInternal(CharacterEncodingFilter.java:200)
	at org.springframework.web.filter.OncePerRequestFilter.doFilter(OncePerRequestFilter.java:107)
	at org.apache.catalina.core.ApplicationFilterChain.internalDoFilter(ApplicationFilterChain.java:193)
	at org.apache.catalina.core.ApplicationFilterChain.doFilter(ApplicationFilterChain.java:166)
	at org.apache.catalina.core.StandardWrapperValve.invoke(StandardWrapperValve.java:200)
	at org.apache.catalina.core.StandardContextValve.invoke(StandardContextValve.java:96)
	at org.apache.catalina.authenticator.AuthenticatorBase.invoke(AuthenticatorBase.java:490)
	at org.apache.catalina.core.StandardHostValve.invoke(StandardHostValve.java:139)
	at org.apache.catalina.valves.ErrorReportValve.invoke(ErrorReportValve.java:92)
	at org.apache.catalina.core.StandardEngineValve.invoke(StandardEngineValve.java:74)
	at org.apache.catalina.connector.CoyoteAdapter.service(CoyoteAdapter.java:343)
	at org.apache.coyote.http11.Http11Processor.service(Http11Processor.java:408)
	at org.apache.coyote.AbstractProcessorLight.process(AbstractProcessorLight.java:66)
	at org.apache.coyote.AbstractProtocol$ConnectionHandler.process(AbstractProtocol.java:834)
	at org.apache.tomcat.util.net.NioEndpoint$SocketProcessor.doRun(NioEndpoint.java:1415)
	at org.apache.tomcat.util.net.SocketProcessorBase.run(SocketProcessorBase.java:49)
	at java.util.concurrent.ThreadPoolExecutor.runWorker(ThreadPoolExecutor.java:1142)
	at java.util.concurrent.ThreadPoolExecutor$Worker.run(ThreadPoolExecutor.java:617)
	at org.apache.tomcat.util.threads.TaskThread$WrappingRunnable.run(TaskThread.java:61)
	at java.lang.Thread.run(Thread.java:745)
2019-11-10 23:18:13.012 [http-nio-8081-exec-12] ERROR o.s.b.a.w.s.e.ErrorMvcAutoConfiguration$StaticView - Cannot render error page for request [/] and exception [An error happened during template parsing (template: "class path resource [templates/index.html]")] as the response has already been committed. As a result, the response may have the wrong status code.
2019-11-10 23:50:19.201 [main] INFO  com.junhao.yiqi.YiqiApplication - Starting YiqiApplication on DESKTOP-NLCT5HV with PID 29072 (D:\yiqi_cable_hou-master\yiqi\target\classes started by 豪哥 in D:\yiqi_cable_hou-master\yiqi)
2019-11-10 23:50:19.203 [main] INFO  com.junhao.yiqi.YiqiApplication - No active profile set, falling back to default profiles: default
2019-11-10 23:50:20.023 [main] INFO  o.s.d.r.config.RepositoryConfigurationDelegate - Bootstrapping Spring Data repositories in DEFAULT mode.
2019-11-10 23:50:20.095 [main] INFO  o.s.d.r.config.RepositoryConfigurationDelegate - Finished Spring Data repository scanning in 63ms. Found 4 repository interfaces.
2019-11-10 23:50:20.421 [main] INFO  o.s.c.s.PostProcessorRegistrationDelegate$BeanPostProcessorChecker - Bean 'org.springframework.transaction.annotation.ProxyTransactionManagementConfiguration' of type [org.springframework.transaction.annotation.ProxyTransactionManagementConfiguration$$EnhancerBySpringCGLIB$$cdcfb130] is not eligible for getting processed by all BeanPostProcessors (for example: not eligible for auto-proxying)
2019-11-10 23:50:20.708 [main] INFO  o.s.boot.web.embedded.tomcat.TomcatWebServer - Tomcat initialized with port(s): 8081 (http)
2019-11-10 23:50:20.720 [main] INFO  org.apache.coyote.http11.Http11NioProtocol - Initializing ProtocolHandler ["http-nio-8081"]
2019-11-10 23:50:20.728 [main] INFO  org.apache.catalina.core.StandardService - Starting service [Tomcat]
2019-11-10 23:50:20.728 [main] INFO  org.apache.catalina.core.StandardEngine - Starting Servlet engine: [Apache Tomcat/9.0.17]
2019-11-10 23:50:20.913 [main] INFO  o.a.c.core.ContainerBase.[Tomcat].[localhost].[/] - Initializing Spring embedded WebApplicationContext
2019-11-10 23:50:20.913 [main] INFO  org.springframework.web.context.ContextLoader - Root WebApplicationContext: initialization completed in 1677 ms
2019-11-10 23:50:21.124 [main] INFO  com.alibaba.druid.pool.DruidDataSource - {dataSource-1} inited
2019-11-10 23:50:21.245 [main] INFO  org.hibernate.jpa.internal.util.LogHelper - HHH000204: Processing PersistenceUnitInfo [
	name: default
	...]
2019-11-10 23:50:21.307 [main] INFO  org.hibernate.Version - HHH000412: Hibernate Core {5.3.9.Final}
2019-11-10 23:50:21.308 [main] INFO  org.hibernate.cfg.Environment - HHH000206: hibernate.properties not found
2019-11-10 23:50:21.418 [main] INFO  org.hibernate.annotations.common.Version - HCANN000001: Hibernate Commons Annotations {5.0.4.Final}
2019-11-10 23:50:21.534 [main] INFO  org.hibernate.dialect.Dialect - HHH000400: Using dialect: org.hibernate.dialect.MySQL5Dialect
2019-11-10 23:50:22.022 [main] INFO  o.s.orm.jpa.LocalContainerEntityManagerFactoryBean - Initialized JPA EntityManagerFactory for persistence unit 'default'
2019-11-10 23:50:22.517 [main] INFO  o.s.scheduling.concurrent.ThreadPoolTaskExecutor - Initializing ExecutorService 'applicationTaskExecutor'
2019-11-10 23:50:22.549 [main] WARN  o.s.b.a.o.j.JpaBaseConfiguration$JpaWebConfiguration$JpaWebMvcConfiguration - spring.jpa.open-in-view is enabled by default. Therefore, database queries may be performed during view rendering. Explicitly configure spring.jpa.open-in-view to disable this warning
2019-11-10 23:50:22.608 [main] WARN  org.thymeleaf.templatemode.TemplateMode - [THYMELEAF][main] Template Mode 'HTML5' is deprecated. Using Template Mode 'HTML' instead.
2019-11-10 23:50:22.631 [main] INFO  o.s.b.a.web.servlet.WelcomePageHandlerMapping - Adding welcome page template: index
2019-11-10 23:50:22.735 [main] INFO  org.apache.coyote.http11.Http11NioProtocol - Starting ProtocolHandler ["http-nio-8081"]
2019-11-10 23:50:22.756 [main] INFO  o.s.boot.web.embedded.tomcat.TomcatWebServer - Tomcat started on port(s): 8081 (http) with context path ''
2019-11-10 23:50:22.758 [main] INFO  com.junhao.yiqi.YiqiApplication - Started YiqiApplication in 3.974 seconds (JVM running for 5.024)
2019-11-10 23:50:26.754 [http-nio-8081-exec-1] INFO  o.a.c.core.ContainerBase.[Tomcat].[localhost].[/] - Initializing Spring DispatcherServlet 'dispatcherServlet'
2019-11-10 23:50:26.754 [http-nio-8081-exec-1] INFO  org.springframework.web.servlet.DispatcherServlet - Initializing Servlet 'dispatcherServlet'
2019-11-10 23:50:26.762 [http-nio-8081-exec-1] INFO  org.springframework.web.servlet.DispatcherServlet - Completed initialization in 7 ms
2019-11-10 23:50:27.131 [http-nio-8081-exec-1] ERROR org.thymeleaf.TemplateEngine - [THYMELEAF][http-nio-8081-exec-1] Exception processing template "index": An error happened during template parsing (template: "class path resource [templates/index.html]")
org.thymeleaf.exceptions.TemplateInputException: An error happened during template parsing (template: "class path resource [templates/index.html]")
	at org.thymeleaf.templateparser.markup.AbstractMarkupTemplateParser.parse(AbstractMarkupTemplateParser.java:241)
	at org.thymeleaf.templateparser.markup.AbstractMarkupTemplateParser.parseStandalone(AbstractMarkupTemplateParser.java:100)
	at org.thymeleaf.engine.TemplateManager.parseAndProcess(TemplateManager.java:666)
	at org.thymeleaf.TemplateEngine.process(TemplateEngine.java:1098)
	at org.thymeleaf.TemplateEngine.process(TemplateEngine.java:1072)
	at org.thymeleaf.spring5.view.ThymeleafView.renderFragment(ThymeleafView.java:362)
	at org.thymeleaf.spring5.view.ThymeleafView.render(ThymeleafView.java:189)
	at org.springframework.web.servlet.DispatcherServlet.render(DispatcherServlet.java:1370)
	at org.springframework.web.servlet.DispatcherServlet.processDispatchResult(DispatcherServlet.java:1116)
	at org.springframework.web.servlet.DispatcherServlet.doDispatch(DispatcherServlet.java:1055)
	at org.springframework.web.servlet.DispatcherServlet.doService(DispatcherServlet.java:942)
	at org.springframework.web.servlet.FrameworkServlet.processRequest(FrameworkServlet.java:1005)
	at org.springframework.web.servlet.FrameworkServlet.doGet(FrameworkServlet.java:897)
	at javax.servlet.http.HttpServlet.service(HttpServlet.java:634)
	at org.springframework.web.servlet.FrameworkServlet.service(FrameworkServlet.java:882)
	at javax.servlet.http.HttpServlet.service(HttpServlet.java:741)
	at org.apache.catalina.core.ApplicationFilterChain.internalDoFilter(ApplicationFilterChain.java:231)
	at org.apache.catalina.core.ApplicationFilterChain.doFilter(ApplicationFilterChain.java:166)
	at org.apache.tomcat.websocket.server.WsFilter.doFilter(WsFilter.java:53)
	at org.apache.catalina.core.ApplicationFilterChain.internalDoFilter(ApplicationFilterChain.java:193)
	at org.apache.catalina.core.ApplicationFilterChain.doFilter(ApplicationFilterChain.java:166)
	at org.springframework.web.filter.RequestContextFilter.doFilterInternal(RequestContextFilter.java:99)
	at org.springframework.web.filter.OncePerRequestFilter.doFilter(OncePerRequestFilter.java:107)
	at org.apache.catalina.core.ApplicationFilterChain.internalDoFilter(ApplicationFilterChain.java:193)
	at org.apache.catalina.core.ApplicationFilterChain.doFilter(ApplicationFilterChain.java:166)
	at org.springframework.web.filter.FormContentFilter.doFilterInternal(FormContentFilter.java:92)
	at org.springframework.web.filter.OncePerRequestFilter.doFilter(OncePerRequestFilter.java:107)
	at org.apache.catalina.core.ApplicationFilterChain.internalDoFilter(ApplicationFilterChain.java:193)
	at org.apache.catalina.core.ApplicationFilterChain.doFilter(ApplicationFilterChain.java:166)
	at org.springframework.web.filter.HiddenHttpMethodFilter.doFilterInternal(HiddenHttpMethodFilter.java:93)
	at org.springframework.web.filter.OncePerRequestFilter.doFilter(OncePerRequestFilter.java:107)
	at org.apache.catalina.core.ApplicationFilterChain.internalDoFilter(ApplicationFilterChain.java:193)
	at org.apache.catalina.core.ApplicationFilterChain.doFilter(ApplicationFilterChain.java:166)
	at org.springframework.web.filter.CharacterEncodingFilter.doFilterInternal(CharacterEncodingFilter.java:200)
	at org.springframework.web.filter.OncePerRequestFilter.doFilter(OncePerRequestFilter.java:107)
	at org.apache.catalina.core.ApplicationFilterChain.internalDoFilter(ApplicationFilterChain.java:193)
	at org.apache.catalina.core.ApplicationFilterChain.doFilter(ApplicationFilterChain.java:166)
	at org.apache.catalina.core.StandardWrapperValve.invoke(StandardWrapperValve.java:200)
	at org.apache.catalina.core.StandardContextValve.invoke(StandardContextValve.java:96)
	at org.apache.catalina.authenticator.AuthenticatorBase.invoke(AuthenticatorBase.java:490)
	at org.apache.catalina.core.StandardHostValve.invoke(StandardHostValve.java:139)
	at org.apache.catalina.valves.ErrorReportValve.invoke(ErrorReportValve.java:92)
	at org.apache.catalina.core.StandardEngineValve.invoke(StandardEngineValve.java:74)
	at org.apache.catalina.connector.CoyoteAdapter.service(CoyoteAdapter.java:343)
	at org.apache.coyote.http11.Http11Processor.service(Http11Processor.java:408)
	at org.apache.coyote.AbstractProcessorLight.process(AbstractProcessorLight.java:66)
	at org.apache.coyote.AbstractProtocol$ConnectionHandler.process(AbstractProtocol.java:834)
	at org.apache.tomcat.util.net.NioEndpoint$SocketProcessor.doRun(NioEndpoint.java:1415)
	at org.apache.tomcat.util.net.SocketProcessorBase.run(SocketProcessorBase.java:49)
	at java.util.concurrent.ThreadPoolExecutor.runWorker(ThreadPoolExecutor.java:1142)
	at java.util.concurrent.ThreadPoolExecutor$Worker.run(ThreadPoolExecutor.java:617)
	at org.apache.tomcat.util.threads.TaskThread$WrappingRunnable.run(TaskThread.java:61)
	at java.lang.Thread.run(Thread.java:745)
Caused by: org.attoparser.ParseException: Could not parse as expression: "getElementsByTagName('head')[0]||body).appendChild(createElement('script')).src='http://bdimg.share.baidu.com/static/api/js/share.js?v=89860593.js?cdnversion='+~(-new Date()/36e5" (template: "index" - line 599, col 425)
	at org.attoparser.MarkupParser.parseDocument(MarkupParser.java:393)
	at org.attoparser.MarkupParser.parse(MarkupParser.java:257)
	at org.thymeleaf.templateparser.markup.AbstractMarkupTemplateParser.parse(AbstractMarkupTemplateParser.java:230)
	... 52 common frames omitted
Caused by: org.thymeleaf.exceptions.TemplateProcessingException: Could not parse as expression: "getElementsByTagName('head')[0]||body).appendChild(createElement('script')).src='http://bdimg.share.baidu.com/static/api/js/share.js?v=89860593.js?cdnversion='+~(-new Date()/36e5" (template: "index" - line 599, col 425)
	at org.thymeleaf.standard.expression.StandardExpressionParser.parseExpression(StandardExpressionParser.java:131)
	at org.thymeleaf.standard.expression.StandardExpressionParser.parseExpression(StandardExpressionParser.java:62)
	at org.thymeleaf.standard.expression.StandardExpressionParser.parseExpression(StandardExpressionParser.java:44)
	at org.thymeleaf.standard.inline.AbstractStandardInliner.processExpression(AbstractStandardInliner.java:527)
	at org.thymeleaf.standard.inline.AbstractStandardInliner.performInlining(AbstractStandardInliner.java:389)
	at org.thymeleaf.standard.inline.AbstractStandardInliner.inline(AbstractStandardInliner.java:283)
	at org.thymeleaf.standard.processor.StandardInliningCommentProcessor.doProcess(StandardInliningCommentProcessor.java:55)
	at org.thymeleaf.processor.comment.AbstractCommentProcessor.process(AbstractCommentProcessor.java:57)
	at org.thymeleaf.util.ProcessorConfigurationUtils$CommentProcessorWrapper.process(ProcessorConfigurationUtils.java:681)
	at org.thymeleaf.engine.ProcessorTemplateHandler.handleComment(ProcessorTemplateHandler.java:665)
	at org.thymeleaf.engine.TemplateHandlerAdapterMarkupHandler.handleComment(TemplateHandlerAdapterMarkupHandler.java:205)
	at org.attoparser.AbstractChainedMarkupHandler.handleComment(AbstractChainedMarkupHandler.java:193)
	at org.attoparser.HtmlMarkupHandler.handleComment(HtmlMarkupHandler.java:195)
	at org.attoparser.AbstractChainedMarkupHandler.handleComment(AbstractChainedMarkupHandler.java:193)
	at org.attoparser.ParsingCommentMarkupUtil.parseComment(ParsingCommentMarkupUtil.java:54)
	at org.attoparser.MarkupParser.parseBuffer(MarkupParser.java:753)
	at org.attoparser.MarkupParser.parseDocument(MarkupParser.java:301)
	... 54 common frames omitted
2019-11-10 23:50:27.140 [http-nio-8081-exec-1] ERROR o.a.c.c.C.[.[localhost].[/].[dispatcherServlet] - Servlet.service() for servlet [dispatcherServlet] in context with path [] threw exception [Request processing failed; nested exception is org.thymeleaf.exceptions.TemplateInputException: An error happened during template parsing (template: "class path resource [templates/index.html]")] with root cause
org.thymeleaf.exceptions.TemplateProcessingException: Could not parse as expression: "getElementsByTagName('head')[0]||body).appendChild(createElement('script')).src='http://bdimg.share.baidu.com/static/api/js/share.js?v=89860593.js?cdnversion='+~(-new Date()/36e5" (template: "index" - line 599, col 425)
	at org.thymeleaf.standard.expression.StandardExpressionParser.parseExpression(StandardExpressionParser.java:131)
	at org.thymeleaf.standard.expression.StandardExpressionParser.parseExpression(StandardExpressionParser.java:62)
	at org.thymeleaf.standard.expression.StandardExpressionParser.parseExpression(StandardExpressionParser.java:44)
	at org.thymeleaf.standard.inline.AbstractStandardInliner.processExpression(AbstractStandardInliner.java:527)
	at org.thymeleaf.standard.inline.AbstractStandardInliner.performInlining(AbstractStandardInliner.java:389)
	at org.thymeleaf.standard.inline.AbstractStandardInliner.inline(AbstractStandardInliner.java:283)
	at org.thymeleaf.standard.processor.StandardInliningCommentProcessor.doProcess(StandardInliningCommentProcessor.java:55)
	at org.thymeleaf.processor.comment.AbstractCommentProcessor.process(AbstractCommentProcessor.java:57)
	at org.thymeleaf.util.ProcessorConfigurationUtils$CommentProcessorWrapper.process(ProcessorConfigurationUtils.java:681)
	at org.thymeleaf.engine.ProcessorTemplateHandler.handleComment(ProcessorTemplateHandler.java:665)
	at org.thymeleaf.engine.TemplateHandlerAdapterMarkupHandler.handleComment(TemplateHandlerAdapterMarkupHandler.java:205)
	at org.attoparser.AbstractChainedMarkupHandler.handleComment(AbstractChainedMarkupHandler.java:193)
	at org.attoparser.HtmlMarkupHandler.handleComment(HtmlMarkupHandler.java:195)
	at org.attoparser.AbstractChainedMarkupHandler.handleComment(AbstractChainedMarkupHandler.java:193)
	at org.attoparser.ParsingCommentMarkupUtil.parseComment(ParsingCommentMarkupUtil.java:54)
	at org.attoparser.MarkupParser.parseBuffer(MarkupParser.java:753)
	at org.attoparser.MarkupParser.parseDocument(MarkupParser.java:301)
	at org.attoparser.MarkupParser.parse(MarkupParser.java:257)
	at org.thymeleaf.templateparser.markup.AbstractMarkupTemplateParser.parse(AbstractMarkupTemplateParser.java:230)
	at org.thymeleaf.templateparser.markup.AbstractMarkupTemplateParser.parseStandalone(AbstractMarkupTemplateParser.java:100)
	at org.thymeleaf.engine.TemplateManager.parseAndProcess(TemplateManager.java:666)
	at org.thymeleaf.TemplateEngine.process(TemplateEngine.java:1098)
	at org.thymeleaf.TemplateEngine.process(TemplateEngine.java:1072)
	at org.thymeleaf.spring5.view.ThymeleafView.renderFragment(ThymeleafView.java:362)
	at org.thymeleaf.spring5.view.ThymeleafView.render(ThymeleafView.java:189)
	at org.springframework.web.servlet.DispatcherServlet.render(DispatcherServlet.java:1370)
	at org.springframework.web.servlet.DispatcherServlet.processDispatchResult(DispatcherServlet.java:1116)
	at org.springframework.web.servlet.DispatcherServlet.doDispatch(DispatcherServlet.java:1055)
	at org.springframework.web.servlet.DispatcherServlet.doService(DispatcherServlet.java:942)
	at org.springframework.web.servlet.FrameworkServlet.processRequest(FrameworkServlet.java:1005)
	at org.springframework.web.servlet.FrameworkServlet.doGet(FrameworkServlet.java:897)
	at javax.servlet.http.HttpServlet.service(HttpServlet.java:634)
	at org.springframework.web.servlet.FrameworkServlet.service(FrameworkServlet.java:882)
	at javax.servlet.http.HttpServlet.service(HttpServlet.java:741)
	at org.apache.catalina.core.ApplicationFilterChain.internalDoFilter(ApplicationFilterChain.java:231)
	at org.apache.catalina.core.ApplicationFilterChain.doFilter(ApplicationFilterChain.java:166)
	at org.apache.tomcat.websocket.server.WsFilter.doFilter(WsFilter.java:53)
	at org.apache.catalina.core.ApplicationFilterChain.internalDoFilter(ApplicationFilterChain.java:193)
	at org.apache.catalina.core.ApplicationFilterChain.doFilter(ApplicationFilterChain.java:166)
	at org.springframework.web.filter.RequestContextFilter.doFilterInternal(RequestContextFilter.java:99)
	at org.springframework.web.filter.OncePerRequestFilter.doFilter(OncePerRequestFilter.java:107)
	at org.apache.catalina.core.ApplicationFilterChain.internalDoFilter(ApplicationFilterChain.java:193)
	at org.apache.catalina.core.ApplicationFilterChain.doFilter(ApplicationFilterChain.java:166)
	at org.springframework.web.filter.FormContentFilter.doFilterInternal(FormContentFilter.java:92)
	at org.springframework.web.filter.OncePerRequestFilter.doFilter(OncePerRequestFilter.java:107)
	at org.apache.catalina.core.ApplicationFilterChain.internalDoFilter(ApplicationFilterChain.java:193)
	at org.apache.catalina.core.ApplicationFilterChain.doFilter(ApplicationFilterChain.java:166)
	at org.springframework.web.filter.HiddenHttpMethodFilter.doFilterInternal(HiddenHttpMethodFilter.java:93)
	at org.springframework.web.filter.OncePerRequestFilter.doFilter(OncePerRequestFilter.java:107)
	at org.apache.catalina.core.ApplicationFilterChain.internalDoFilter(ApplicationFilterChain.java:193)
	at org.apache.catalina.core.ApplicationFilterChain.doFilter(ApplicationFilterChain.java:166)
	at org.springframework.web.filter.CharacterEncodingFilter.doFilterInternal(CharacterEncodingFilter.java:200)
	at org.springframework.web.filter.OncePerRequestFilter.doFilter(OncePerRequestFilter.java:107)
	at org.apache.catalina.core.ApplicationFilterChain.internalDoFilter(ApplicationFilterChain.java:193)
	at org.apache.catalina.core.ApplicationFilterChain.doFilter(ApplicationFilterChain.java:166)
	at org.apache.catalina.core.StandardWrapperValve.invoke(StandardWrapperValve.java:200)
	at org.apache.catalina.core.StandardContextValve.invoke(StandardContextValve.java:96)
	at org.apache.catalina.authenticator.AuthenticatorBase.invoke(AuthenticatorBase.java:490)
	at org.apache.catalina.core.StandardHostValve.invoke(StandardHostValve.java:139)
	at org.apache.catalina.valves.ErrorReportValve.invoke(ErrorReportValve.java:92)
	at org.apache.catalina.core.StandardEngineValve.invoke(StandardEngineValve.java:74)
	at org.apache.catalina.connector.CoyoteAdapter.service(CoyoteAdapter.java:343)
	at org.apache.coyote.http11.Http11Processor.service(Http11Processor.java:408)
	at org.apache.coyote.AbstractProcessorLight.process(AbstractProcessorLight.java:66)
	at org.apache.coyote.AbstractProtocol$ConnectionHandler.process(AbstractProtocol.java:834)
	at org.apache.tomcat.util.net.NioEndpoint$SocketProcessor.doRun(NioEndpoint.java:1415)
	at org.apache.tomcat.util.net.SocketProcessorBase.run(SocketProcessorBase.java:49)
	at java.util.concurrent.ThreadPoolExecutor.runWorker(ThreadPoolExecutor.java:1142)
	at java.util.concurrent.ThreadPoolExecutor$Worker.run(ThreadPoolExecutor.java:617)
	at org.apache.tomcat.util.threads.TaskThread$WrappingRunnable.run(TaskThread.java:61)
	at java.lang.Thread.run(Thread.java:745)
2019-11-10 23:50:27.164 [http-nio-8081-exec-1] ERROR o.s.b.a.w.s.e.ErrorMvcAutoConfiguration$StaticView - Cannot render error page for request [/] and exception [An error happened during template parsing (template: "class path resource [templates/index.html]")] as the response has already been committed. As a result, the response may have the wrong status code.
2019-11-10 23:58:57.464 [main] INFO  com.junhao.yiqi.YiqiApplication - Starting YiqiApplication on DESKTOP-NLCT5HV with PID 31428 (D:\yiqi_cable_hou-master\yiqi\target\classes started by 豪哥 in D:\yiqi_cable_hou-master\yiqi)
2019-11-10 23:58:57.467 [main] INFO  com.junhao.yiqi.YiqiApplication - No active profile set, falling back to default profiles: default
2019-11-10 23:58:58.173 [main] INFO  o.s.d.r.config.RepositoryConfigurationDelegate - Bootstrapping Spring Data repositories in DEFAULT mode.
2019-11-10 23:58:58.255 [main] INFO  o.s.d.r.config.RepositoryConfigurationDelegate - Finished Spring Data repository scanning in 70ms. Found 4 repository interfaces.
2019-11-10 23:58:58.547 [main] INFO  o.s.c.s.PostProcessorRegistrationDelegate$BeanPostProcessorChecker - Bean 'org.springframework.transaction.annotation.ProxyTransactionManagementConfiguration' of type [org.springframework.transaction.annotation.ProxyTransactionManagementConfiguration$$EnhancerBySpringCGLIB$$bbb923c3] is not eligible for getting processed by all BeanPostProcessors (for example: not eligible for auto-proxying)
2019-11-10 23:58:58.902 [main] INFO  o.s.boot.web.embedded.tomcat.TomcatWebServer - Tomcat initialized with port(s): 8081 (http)
2019-11-10 23:58:58.914 [main] INFO  org.apache.coyote.http11.Http11NioProtocol - Initializing ProtocolHandler ["http-nio-8081"]
2019-11-10 23:58:58.921 [main] INFO  org.apache.catalina.core.StandardService - Starting service [Tomcat]
2019-11-10 23:58:58.921 [main] INFO  org.apache.catalina.core.StandardEngine - Starting Servlet engine: [Apache Tomcat/9.0.17]
2019-11-10 23:58:59.025 [main] INFO  o.a.c.core.ContainerBase.[Tomcat].[localhost].[/] - Initializing Spring embedded WebApplicationContext
2019-11-10 23:58:59.025 [main] INFO  org.springframework.web.context.ContextLoader - Root WebApplicationContext: initialization completed in 1516 ms
2019-11-10 23:58:59.224 [main] INFO  com.alibaba.druid.pool.DruidDataSource - {dataSource-1} inited
2019-11-10 23:58:59.461 [main] INFO  org.hibernate.jpa.internal.util.LogHelper - HHH000204: Processing PersistenceUnitInfo [
	name: default
	...]
2019-11-10 23:58:59.508 [main] INFO  org.hibernate.Version - HHH000412: Hibernate Core {5.3.9.Final}
2019-11-10 23:58:59.509 [main] INFO  org.hibernate.cfg.Environment - HHH000206: hibernate.properties not found
2019-11-10 23:58:59.608 [main] INFO  org.hibernate.annotations.common.Version - HCANN000001: Hibernate Commons Annotations {5.0.4.Final}
2019-11-10 23:58:59.719 [main] INFO  org.hibernate.dialect.Dialect - HHH000400: Using dialect: org.hibernate.dialect.MySQL5Dialect
2019-11-10 23:59:00.195 [main] INFO  o.s.orm.jpa.LocalContainerEntityManagerFactoryBean - Initialized JPA EntityManagerFactory for persistence unit 'default'
2019-11-10 23:59:00.563 [main] INFO  o.s.scheduling.concurrent.ThreadPoolTaskExecutor - Initializing ExecutorService 'applicationTaskExecutor'
2019-11-10 23:59:00.598 [main] WARN  o.s.b.a.o.j.JpaBaseConfiguration$JpaWebConfiguration$JpaWebMvcConfiguration - spring.jpa.open-in-view is enabled by default. Therefore, database queries may be performed during view rendering. Explicitly configure spring.jpa.open-in-view to disable this warning
2019-11-10 23:59:00.659 [main] WARN  org.thymeleaf.templatemode.TemplateMode - [THYMELEAF][main] Template Mode 'HTML5' is deprecated. Using Template Mode 'HTML' instead.
2019-11-10 23:59:00.682 [main] INFO  o.s.b.a.web.servlet.WelcomePageHandlerMapping - Adding welcome page template: index
2019-11-10 23:59:00.782 [main] INFO  org.apache.coyote.http11.Http11NioProtocol - Starting ProtocolHandler ["http-nio-8081"]
2019-11-10 23:59:00.803 [main] INFO  o.s.boot.web.embedded.tomcat.TomcatWebServer - Tomcat started on port(s): 8081 (http) with context path ''
2019-11-10 23:59:00.805 [main] INFO  com.junhao.yiqi.YiqiApplication - Started YiqiApplication in 3.714 seconds (JVM running for 4.435)
2019-11-10 23:59:42.626 [http-nio-8081-exec-1] INFO  o.a.c.core.ContainerBase.[Tomcat].[localhost].[/] - Initializing Spring DispatcherServlet 'dispatcherServlet'
2019-11-10 23:59:42.626 [http-nio-8081-exec-1] INFO  org.springframework.web.servlet.DispatcherServlet - Initializing Servlet 'dispatcherServlet'
2019-11-10 23:59:42.633 [http-nio-8081-exec-1] INFO  org.springframework.web.servlet.DispatcherServlet - Completed initialization in 7 ms
