2019-11-29 23:10:40.386 [main] INFO  com.junhao.yiqi.YiqiApplication - Starting YiqiApplication on DESKTOP-NLCT5HV with PID 31652 (D:\yiqi_cable_hou-master\yiqi\target\classes started by 豪哥 in D:\yiqi_cable_hou-master\yiqi)
2019-11-29 23:10:40.388 [main] INFO  com.junhao.yiqi.YiqiApplication - No active profile set, falling back to default profiles: default
2019-11-29 23:10:41.443 [main] INFO  o.s.d.r.config.RepositoryConfigurationDelegate - Bootstrapping Spring Data repositories in DEFAULT mode.
2019-11-29 23:10:41.551 [main] INFO  o.s.d.r.config.RepositoryConfigurationDelegate - Finished Spring Data repository scanning in 99ms. Found 4 repository interfaces.
2019-11-29 23:10:41.960 [main] INFO  o.s.c.s.PostProcessorRegistrationDelegate$BeanPostProcessorChecker - Bean 'org.springframework.transaction.annotation.ProxyTransactionManagementConfiguration' of type [org.springframework.transaction.annotation.ProxyTransactionManagementConfiguration$$EnhancerBySpringCGLIB$$9f70be20] is not eligible for getting processed by all BeanPostProcessors (for example: not eligible for auto-proxying)
2019-11-29 23:10:42.365 [main] INFO  o.s.boot.web.embedded.tomcat.TomcatWebServer - Tomcat initialized with port(s): 8081 (http)
2019-11-29 23:10:42.380 [main] INFO  org.apache.coyote.http11.Http11NioProtocol - Initializing ProtocolHandler ["http-nio-8081"]
2019-11-29 23:10:42.389 [main] INFO  org.apache.catalina.core.StandardService - Starting service [Tomcat]
2019-11-29 23:10:42.390 [main] INFO  org.apache.catalina.core.StandardEngine - Starting Servlet engine: [Apache Tomcat/9.0.17]
2019-11-29 23:10:42.614 [main] INFO  o.a.c.core.ContainerBase.[Tomcat].[localhost].[/] - Initializing Spring embedded WebApplicationContext
2019-11-29 23:10:42.615 [main] INFO  org.springframework.web.context.ContextLoader - Root WebApplicationContext: initialization completed in 2167 ms
2019-11-29 23:10:42.935 [main] INFO  com.alibaba.druid.pool.DruidDataSource - {dataSource-1} inited
2019-11-29 23:10:43.086 [main] INFO  org.hibernate.jpa.internal.util.LogHelper - HHH000204: Processing PersistenceUnitInfo [
	name: default
	...]
2019-11-29 23:10:43.168 [main] INFO  org.hibernate.Version - HHH000412: Hibernate Core {5.3.9.Final}
2019-11-29 23:10:43.169 [main] INFO  org.hibernate.cfg.Environment - HHH000206: hibernate.properties not found
2019-11-29 23:10:43.411 [main] INFO  org.hibernate.annotations.common.Version - HCANN000001: Hibernate Commons Annotations {5.0.4.Final}
2019-11-29 23:10:43.571 [main] INFO  org.hibernate.dialect.Dialect - HHH000400: Using dialect: org.hibernate.dialect.MySQL5Dialect
2019-11-29 23:10:44.352 [main] INFO  o.s.orm.jpa.LocalContainerEntityManagerFactoryBean - Initialized JPA EntityManagerFactory for persistence unit 'default'
2019-11-29 23:10:45.062 [main] INFO  o.s.scheduling.concurrent.ThreadPoolTaskExecutor - Initializing ExecutorService 'applicationTaskExecutor'
2019-11-29 23:10:45.105 [main] WARN  o.s.b.a.o.j.JpaBaseConfiguration$JpaWebConfiguration$JpaWebMvcConfiguration - spring.jpa.open-in-view is enabled by default. Therefore, database queries may be performed during view rendering. Explicitly configure spring.jpa.open-in-view to disable this warning
2019-11-29 23:10:45.185 [main] WARN  org.thymeleaf.templatemode.TemplateMode - [THYMELEAF][main] Template Mode 'HTML5' is deprecated. Using Template Mode 'HTML' instead.
2019-11-29 23:10:45.226 [main] INFO  o.s.b.a.web.servlet.WelcomePageHandlerMapping - Adding welcome page template: index
2019-11-29 23:10:45.365 [main] INFO  org.apache.coyote.http11.Http11NioProtocol - Starting ProtocolHandler ["http-nio-8081"]
2019-11-29 23:10:45.386 [main] INFO  o.s.boot.web.embedded.tomcat.TomcatWebServer - Tomcat started on port(s): 8081 (http) with context path ''
2019-11-29 23:10:45.388 [main] INFO  com.junhao.yiqi.YiqiApplication - Started YiqiApplication in 5.592 seconds (JVM running for 7.034)
2019-11-29 23:11:07.530 [http-nio-8081-exec-1] INFO  o.a.c.core.ContainerBase.[Tomcat].[localhost].[/] - Initializing Spring DispatcherServlet 'dispatcherServlet'
2019-11-29 23:11:07.530 [http-nio-8081-exec-1] INFO  org.springframework.web.servlet.DispatcherServlet - Initializing Servlet 'dispatcherServlet'
2019-11-29 23:11:07.538 [http-nio-8081-exec-1] INFO  org.springframework.web.servlet.DispatcherServlet - Completed initialization in 8 ms
